  OpenCVApplication.cpp
c:\users\filip\desktop\desktopfiles\pi\proiect pi\opencvapplication.cpp(142): warning C4244: '=': conversion from 'float' to '_Tp', possible loss of data
          with
          [
              _Tp=uchar
          ]
c:\users\filip\desktop\desktopfiles\pi\proiect pi\opencvapplication.cpp(155): warning C4244: 'initializing': conversion from 'double' to 'float', possible loss of data
c:\users\filip\desktop\desktopfiles\pi\proiect pi\opencvapplication.cpp(159): warning C4244: '=': conversion from 'double' to '_Tp', possible loss of data
          with
          [
              _Tp=float
          ]
c:\users\filip\desktop\desktopfiles\pi\proiect pi\opencvapplication.cpp(236): warning C4244: '=': conversion from 'float' to '_Tp', possible loss of data
          with
          [
              _Tp=int
          ]
c:\users\filip\desktop\desktopfiles\pi\proiect pi\opencvapplication.cpp(271): warning C4244: 'initializing': conversion from 'double' to 'uchar', possible loss of data
c:\users\filip\desktop\desktopfiles\pi\proiect pi\opencvapplication.cpp(343): warning C4244: '=': conversion from 'double' to 'int', possible loss of data
  Generating code
  2 of 281 functions ( 0.7%) were compiled, the rest were copied from previous compilation.
    0 functions were new in current compilation
    0 functions had inline decision re-evaluated but remain unchanged
  Finished generating code
  OpenCVApplication.vcxproj -> C:\Users\filip\Desktop\DesktopFiles\PI\Proiect PI\x64\Release\OpenCVApplication.exe
  OpenCV\dll\Release\opencv_ffmpeg340_64.dll
  OpenCV\dll\Release\opencv_world340.dll
          2 file(s) copied.
